TN:
SF:src/routes/auth.js
FN:10,(anonymous_0)
FN:19,(anonymous_1)
FN:68,(anonymous_2)
FN:109,(anonymous_3)
FNF:4
FNH:4
FNDA:2,(anonymous_0)
FNDA:5,(anonymous_1)
FNDA:4,(anonymous_2)
FNDA:3,(anonymous_3)
DA:1,1
DA:2,1
DA:3,1
DA:5,1
DA:7,1
DA:10,1
DA:11,2
DA:19,1
DA:20,5
DA:21,5
DA:24,5
DA:25,1
DA:29,4
DA:30,1
DA:34,3
DA:35,1
DA:39,2
DA:40,2
DA:41,1
DA:45,1
DA:46,1
DA:49,1
DA:51,1
DA:62,0
DA:63,0
DA:68,1
DA:69,4
DA:70,4
DA:73,4
DA:74,1
DA:78,3
DA:79,3
DA:80,1
DA:84,2
DA:85,2
DA:86,1
DA:90,1
DA:92,1
DA:103,0
DA:104,0
DA:109,1
DA:110,3
DA:111,3
DA:113,3
DA:114,1
DA:117,2
DA:118,1
DA:120,1
DA:121,0
DA:124,1
DA:126,1
DA:130,1
LF:52
LH:47
BRDA:7,0,0,1
BRDA:7,0,1,1
BRDA:24,1,0,1
BRDA:24,1,1,4
BRDA:24,2,0,5
BRDA:24,2,1,4
BRDA:24,2,2,4
BRDA:29,3,0,1
BRDA:29,3,1,3
BRDA:34,4,0,1
BRDA:34,4,1,2
BRDA:40,5,0,1
BRDA:40,5,1,1
BRDA:73,6,0,1
BRDA:73,6,1,3
BRDA:73,7,0,4
BRDA:73,7,1,4
BRDA:79,8,0,1
BRDA:79,8,1,2
BRDA:85,9,0,1
BRDA:85,9,1,1
BRDA:113,10,0,1
BRDA:113,10,1,2
BRDA:120,11,0,0
BRDA:120,11,1,1
BRF:25
BRH:24
end_of_record
TN:
SF:src/routes/debug.js
FN:7,(anonymous_0)
FNF:1
FNH:1
FNDA:2,(anonymous_0)
DA:1,1
DA:2,1
DA:4,1
DA:7,1
DA:8,2
DA:9,2
DA:10,1
DA:12,1
DA:16,1
LF:9
LH:9
BRF:0
BRH:0
end_of_record
