TN:
SF:src/routes/events.js
FN:13,(anonymous_0)
FN:71,(anonymous_1)
FN:87,(anonymous_2)
FN:108,(anonymous_3)
FN:144,(anonymous_4)
FN:171,(anonymous_5)
FN:200,(anonymous_6)
FN:250,(anonymous_7)
FN:269,(anonymous_8)
FN:270,(anonymous_9)
FN:289,(anonymous_10)
FN:323,(anonymous_11)
FN:344,(anonymous_12)
FNF:13
FNH:13
FNDA:2,(anonymous_0)
FNDA:3,(anonymous_1)
FNDA:2,(anonymous_2)
FNDA:4,(anonymous_3)
FNDA:4,(anonymous_4)
FNDA:5,(anonymous_5)
FNDA:7,(anonymous_6)
FNDA:3,(anonymous_7)
FNDA:10,(anonymous_8)
FNDA:10,(anonymous_9)
FNDA:5,(anonymous_10)
FNDA:4,(anonymous_11)
FNDA:2,(anonymous_12)
DA:1,1
DA:2,1
DA:3,1
DA:4,1
DA:5,1
DA:6,1
DA:8,1
DA:10,1
DA:13,1
DA:14,2
DA:15,2
DA:17,2
DA:20,2
DA:21,1
DA:25,2
DA:26,1
DA:30,2
DA:31,1
DA:38,2
DA:39,2
DA:40,2
DA:41,2
DA:43,2
DA:44,2
DA:45,2
DA:47,2
DA:56,1
DA:65,1
DA:66,1
DA:71,1
DA:72,3
DA:73,3
DA:75,2
DA:76,1
DA:79,1
DA:81,1
DA:82,1
DA:87,1
DA:88,2
DA:89,2
DA:94,2
DA:95,2
DA:97,1
DA:102,1
DA:103,1
DA:108,1
DA:109,4
DA:110,4
DA:116,3
DA:117,1
DA:121,2
DA:122,2
DA:129,1
DA:133,2
DA:138,1
DA:139,1
DA:144,1
DA:145,4
DA:146,4
DA:148,3
DA:149,1
DA:153,2
DA:154,2
DA:156,1
DA:160,2
DA:165,1
DA:166,1
DA:171,1
DA:172,5
DA:173,5
DA:175,5
DA:177,4
DA:178,1
DA:181,3
DA:182,1
DA:185,2
DA:186,2
DA:187,2
DA:189,2
DA:194,1
DA:195,1
DA:200,1
DA:201,7
DA:202,7
DA:204,7
DA:205,7
DA:206,1
DA:209,6
DA:210,1
DA:213,5
DA:214,5
DA:217,4
DA:218,1
DA:221,1
DA:224,3
DA:225,3
DA:233,1
DA:238,2
DA:239,1
DA:241,1
DA:244,1
DA:245,1
DA:250,1
DA:251,3
DA:252,3
DA:254,2
DA:268,2
DA:269,2
DA:270,10
DA:271,10
DA:274,2
DA:283,1
DA:284,1
DA:289,1
DA:290,5
DA:291,5
DA:293,5
DA:294,1
DA:297,4
DA:298,3
DA:299,1
DA:302,2
DA:303,1
DA:306,1
DA:307,1
DA:308,1
DA:309,1
DA:310,1
DA:312,1
DA:317,1
DA:318,1
DA:323,1
DA:324,4
DA:325,4
DA:326,3
DA:327,1
DA:330,2
DA:331,1
DA:334,1
DA:336,1
DA:338,1
DA:339,1
DA:344,1
DA:345,2
DA:346,2
DA:354,1
DA:383,1
DA:393,1
DA:402,1
DA:403,1
DA:407,1
LF:151
LH:151
BRDA:10,0,0,1
BRDA:10,0,1,1
BRDA:20,1,0,1
BRDA:20,1,1,1
BRDA:25,2,0,1
BRDA:25,2,1,1
BRDA:30,3,0,1
BRDA:30,3,1,1
BRDA:39,4,0,1
BRDA:39,4,1,1
BRDA:40,5,0,0
BRDA:40,5,1,2
BRDA:41,6,0,0
BRDA:41,6,1,2
BRDA:43,7,0,2
BRDA:43,7,1,1
BRDA:44,8,0,2
BRDA:44,8,1,1
BRDA:75,9,0,1
BRDA:75,9,1,1
BRDA:116,10,0,1
BRDA:116,10,1,2
BRDA:148,11,0,1
BRDA:148,11,1,2
BRDA:177,12,0,1
BRDA:177,12,1,3
BRDA:181,13,0,1
BRDA:181,13,1,2
BRDA:181,14,0,3
BRDA:181,14,1,2
BRDA:205,15,0,1
BRDA:205,15,1,6
BRDA:209,16,0,1
BRDA:209,16,1,5
BRDA:209,17,0,6
BRDA:209,17,1,5
BRDA:209,17,2,5
BRDA:217,18,0,1
BRDA:217,18,1,3
BRDA:217,19,0,4
BRDA:217,19,1,3
BRDA:230,20,0,3
BRDA:230,20,1,2
BRDA:238,21,0,1
BRDA:238,21,1,1
BRDA:268,22,0,2
BRDA:268,22,1,1
BRDA:277,23,0,2
BRDA:277,23,1,1
BRDA:278,24,0,2
BRDA:278,24,1,1
BRDA:293,25,0,1
BRDA:293,25,1,4
BRDA:293,26,0,5
BRDA:293,26,1,4
BRDA:293,26,2,4
BRDA:298,27,0,1
BRDA:298,27,1,2
BRDA:302,28,0,1
BRDA:302,28,1,1
BRDA:307,29,0,1
BRDA:307,29,1,0
BRDA:326,30,0,1
BRDA:326,30,1,2
BRDA:330,31,0,1
BRDA:330,31,1,1
BRDA:397,32,0,1
BRDA:397,32,1,0
BRDA:398,33,0,1
BRDA:398,33,1,0
BRF:70
BRH:65
end_of_record
